[2025-04-08T12:36:28.327+0000] {local_task_job_runner.py:120} INFO - ::group::Pre task execution logs
[2025-04-08T12:36:28.386+0000] {taskinstance.py:2073} INFO - Dependencies all met for dep_context=non-requeueable deps ti=<TaskInstance: pipeline_cervejarias_dag.camada_prata manual__2025-04-08T12:33:01.915977+00:00 [queued]>
[2025-04-08T12:36:28.406+0000] {taskinstance.py:2073} INFO - Dependencies all met for dep_context=requeueable deps ti=<TaskInstance: pipeline_cervejarias_dag.camada_prata manual__2025-04-08T12:33:01.915977+00:00 [queued]>
[2025-04-08T12:36:28.408+0000] {taskinstance.py:2303} INFO - Starting attempt 1 of 3
[2025-04-08T12:36:28.437+0000] {taskinstance.py:2327} INFO - Executing <Task(PythonOperator): camada_prata> on 2025-04-08 12:33:01.915977+00:00
[2025-04-08T12:36:28.450+0000] {warnings.py:110} WARNING - /home/***/.local/lib/python3.12/site-packages/***/task/task_runner/standard_task_runner.py:61: DeprecationWarning: This process (pid=2203) is multi-threaded, use of fork() may lead to deadlocks in the child.
  pid = os.fork()

[2025-04-08T12:36:28.454+0000] {standard_task_runner.py:63} INFO - Started process 2205 to run task
[2025-04-08T12:36:28.454+0000] {standard_task_runner.py:90} INFO - Running: ['***', 'tasks', 'run', 'pipeline_cervejarias_dag', 'camada_prata', 'manual__2025-04-08T12:33:01.915977+00:00', '--job-id', '27', '--raw', '--subdir', 'DAGS_FOLDER/pipeline_cervejarias_dag.py', '--cfg-path', '/tmp/tmp2jazfv2l']
[2025-04-08T12:36:28.456+0000] {standard_task_runner.py:91} INFO - Job 27: Subtask camada_prata
[2025-04-08T12:36:28.543+0000] {task_command.py:426} INFO - Running <TaskInstance: pipeline_cervejarias_dag.camada_prata manual__2025-04-08T12:33:01.915977+00:00 [running]> on host b92eb4eb8cda
[2025-04-08T12:36:28.766+0000] {taskinstance.py:2644} INFO - Exporting env vars: AIRFLOW_CTX_DAG_OWNER='***' AIRFLOW_CTX_DAG_ID='pipeline_cervejarias_dag' AIRFLOW_CTX_TASK_ID='camada_prata' AIRFLOW_CTX_EXECUTION_DATE='2025-04-08T12:33:01.915977+00:00' AIRFLOW_CTX_TRY_NUMBER='1' AIRFLOW_CTX_DAG_RUN_ID='manual__2025-04-08T12:33:01.915977+00:00'
[2025-04-08T12:36:28.769+0000] {taskinstance.py:430} INFO - ::endgroup::
[2025-04-08T12:36:28.771+0000] {prata.py:20} INFO - Iniciando transformação da camada prata...
[2025-04-08T12:36:28.772+0000] {prata.py:30} INFO - Lendo arquivo fixo: /opt/***/datalake/bronze/breweries.json
[2025-04-08T12:36:28.960+0000] {prata.py:50} INFO - Total de registros após transformação: 8369
[2025-04-08T12:36:29.499+0000] {prata.py:69} INFO - Dados salvos na camada prata: /opt/***/datalake/prata/breweries.parquet
[2025-04-08T12:36:29.510+0000] {python.py:237} INFO - Done. Returned value was: None
[2025-04-08T12:36:29.511+0000] {taskinstance.py:441} INFO - ::group::Post task execution logs
[2025-04-08T12:36:29.528+0000] {taskinstance.py:1205} INFO - Marking task as SUCCESS. dag_id=pipeline_cervejarias_dag, task_id=camada_prata, execution_date=20250408T123301, start_date=20250408T123628, end_date=20250408T123629
[2025-04-08T12:36:29.565+0000] {local_task_job_runner.py:240} INFO - Task exited with return code 0
[2025-04-08T12:36:29.599+0000] {taskinstance.py:3482} INFO - 1 downstream tasks scheduled from follow-on schedule check
[2025-04-08T12:36:29.602+0000] {local_task_job_runner.py:222} INFO - ::endgroup::
