[2025-04-08T12:11:12.358+0000] {local_task_job_runner.py:120} INFO - ::group::Pre task execution logs
[2025-04-08T12:11:12.380+0000] {taskinstance.py:2073} INFO - Dependencies all met for dep_context=non-requeueable deps ti=<TaskInstance: pipeline_cervejarias_dag.camada_ouro manual__2025-04-08T12:09:21.214286+00:00 [queued]>
[2025-04-08T12:11:12.390+0000] {taskinstance.py:2073} INFO - Dependencies all met for dep_context=requeueable deps ti=<TaskInstance: pipeline_cervejarias_dag.camada_ouro manual__2025-04-08T12:09:21.214286+00:00 [queued]>
[2025-04-08T12:11:12.391+0000] {taskinstance.py:2303} INFO - Starting attempt 1 of 3
[2025-04-08T12:11:12.406+0000] {taskinstance.py:2327} INFO - Executing <Task(PythonOperator): camada_ouro> on 2025-04-08 12:09:21.214286+00:00
[2025-04-08T12:11:12.415+0000] {warnings.py:110} WARNING - /home/***/.local/lib/python3.12/site-packages/***/task/task_runner/standard_task_runner.py:61: DeprecationWarning: This process (pid=1828) is multi-threaded, use of fork() may lead to deadlocks in the child.
  pid = os.fork()

[2025-04-08T12:11:12.417+0000] {standard_task_runner.py:63} INFO - Started process 1830 to run task
[2025-04-08T12:11:12.417+0000] {standard_task_runner.py:90} INFO - Running: ['***', 'tasks', 'run', 'pipeline_cervejarias_dag', 'camada_ouro', 'manual__2025-04-08T12:09:21.214286+00:00', '--job-id', '22', '--raw', '--subdir', 'DAGS_FOLDER/pipeline_cervejarias_dag.py', '--cfg-path', '/tmp/tmp3xkv3xvk']
[2025-04-08T12:11:12.419+0000] {standard_task_runner.py:91} INFO - Job 22: Subtask camada_ouro
[2025-04-08T12:11:12.492+0000] {task_command.py:426} INFO - Running <TaskInstance: pipeline_cervejarias_dag.camada_ouro manual__2025-04-08T12:09:21.214286+00:00 [running]> on host b92eb4eb8cda
[2025-04-08T12:11:12.668+0000] {taskinstance.py:2644} INFO - Exporting env vars: AIRFLOW_CTX_DAG_OWNER='***' AIRFLOW_CTX_DAG_ID='pipeline_cervejarias_dag' AIRFLOW_CTX_TASK_ID='camada_ouro' AIRFLOW_CTX_EXECUTION_DATE='2025-04-08T12:09:21.214286+00:00' AIRFLOW_CTX_TRY_NUMBER='1' AIRFLOW_CTX_DAG_RUN_ID='manual__2025-04-08T12:09:21.214286+00:00'
[2025-04-08T12:11:12.671+0000] {taskinstance.py:430} INFO - ::endgroup::
[2025-04-08T12:11:12.673+0000] {ouro.py:11} INFO - Iniciando agregação para a camada ouro...
[2025-04-08T12:11:12.926+0000] {ouro.py:29} INFO - Exemplos de combinações únicas:
[2025-04-08T12:11:12.940+0000] {ouro.py:31} INFO - 
country  state_province
Austria      Steiermark
England     East Sussex
England     West Sussex
 France Bouche du Rhône
Germany          Berlin
Ireland          Carlow
Ireland           Clare
Ireland            Cork
Ireland         Donegal
Ireland          Dublin
[2025-04-08T12:11:12.961+0000] {ouro.py:44} INFO - Dados agregados salvos na camada ouro: /opt/***/datalake/ouro/cervejarias_agregado.csv
[2025-04-08T12:11:12.962+0000] {ouro.py:45} INFO - Total de registros agregados: 315
[2025-04-08T12:11:12.963+0000] {python.py:237} INFO - Done. Returned value was: /opt/***/datalake/ouro/cervejarias_agregado.csv
[2025-04-08T12:11:12.964+0000] {taskinstance.py:441} INFO - ::group::Post task execution logs
[2025-04-08T12:11:13.007+0000] {taskinstance.py:1205} INFO - Marking task as SUCCESS. dag_id=pipeline_cervejarias_dag, task_id=camada_ouro, execution_date=20250408T120921, start_date=20250408T121112, end_date=20250408T121113
[2025-04-08T12:11:13.049+0000] {local_task_job_runner.py:240} INFO - Task exited with return code 0
[2025-04-08T12:11:13.075+0000] {taskinstance.py:3482} INFO - 0 downstream tasks scheduled from follow-on schedule check
[2025-04-08T12:11:13.079+0000] {local_task_job_runner.py:222} INFO - ::endgroup::
