[2025-04-08T10:18:28.715+0000] {local_task_job_runner.py:120} INFO - ::group::Pre task execution logs
[2025-04-08T10:18:28.765+0000] {taskinstance.py:2073} INFO - Dependencies all met for dep_context=non-requeueable deps ti=<TaskInstance: pipeline_cervejarias_dag.camada_bronze manual__2025-04-08T10:18:20.334097+00:00 [queued]>
[2025-04-08T10:18:28.783+0000] {taskinstance.py:2073} INFO - Dependencies all met for dep_context=requeueable deps ti=<TaskInstance: pipeline_cervejarias_dag.camada_bronze manual__2025-04-08T10:18:20.334097+00:00 [queued]>
[2025-04-08T10:18:28.785+0000] {taskinstance.py:2303} INFO - Starting attempt 1 of 4
[2025-04-08T10:18:28.817+0000] {taskinstance.py:2327} INFO - Executing <Task(PythonOperator): camada_bronze> on 2025-04-08 10:18:20.334097+00:00
[2025-04-08T10:18:28.830+0000] {warnings.py:110} WARNING - /home/***/.local/lib/python3.12/site-packages/***/task/task_runner/standard_task_runner.py:61: DeprecationWarning: This process (pid=343) is multi-threaded, use of fork() may lead to deadlocks in the child.
  pid = os.fork()

[2025-04-08T10:18:28.831+0000] {standard_task_runner.py:90} INFO - Running: ['***', 'tasks', 'run', 'pipeline_cervejarias_dag', 'camada_bronze', 'manual__2025-04-08T10:18:20.334097+00:00', '--job-id', '11', '--raw', '--subdir', 'DAGS_FOLDER/pipeline_cervejarias_dag.py', '--cfg-path', '/tmp/tmphyudbt36']
[2025-04-08T10:18:28.834+0000] {standard_task_runner.py:63} INFO - Started process 345 to run task
[2025-04-08T10:18:28.834+0000] {standard_task_runner.py:91} INFO - Job 11: Subtask camada_bronze
[2025-04-08T10:18:28.930+0000] {task_command.py:426} INFO - Running <TaskInstance: pipeline_cervejarias_dag.camada_bronze manual__2025-04-08T10:18:20.334097+00:00 [running]> on host b92eb4eb8cda
[2025-04-08T10:18:29.285+0000] {taskinstance.py:2644} INFO - Exporting env vars: AIRFLOW_CTX_DAG_OWNER='***' AIRFLOW_CTX_DAG_ID='pipeline_cervejarias_dag' AIRFLOW_CTX_TASK_ID='camada_bronze' AIRFLOW_CTX_EXECUTION_DATE='2025-04-08T10:18:20.334097+00:00' AIRFLOW_CTX_TRY_NUMBER='1' AIRFLOW_CTX_DAG_RUN_ID='manual__2025-04-08T10:18:20.334097+00:00'
[2025-04-08T10:18:29.319+0000] {taskinstance.py:430} INFO - ::endgroup::
[2025-04-08T10:18:29.333+0000] {bronze.py:42} INFO - Iniciando extração paralela da API Open Brewery DB...
[2025-04-08T10:18:29.334+0000] {bronze.py:27} INFO - Descobrindo total de páginas disponíveis...
[2025-04-08T10:18:30.604+0000] {bronze.py:20} INFO - Página 1 retornou 50 registros.
[2025-04-08T10:18:31.111+0000] {bronze.py:20} INFO - Página 2 retornou 50 registros.
[2025-04-08T10:18:31.571+0000] {bronze.py:20} INFO - Página 3 retornou 50 registros.
[2025-04-08T10:18:32.388+0000] {bronze.py:20} INFO - Página 4 retornou 50 registros.
[2025-04-08T10:18:32.881+0000] {bronze.py:20} INFO - Página 5 retornou 50 registros.
[2025-04-08T10:18:33.303+0000] {bronze.py:20} INFO - Página 6 retornou 50 registros.
[2025-04-08T10:18:33.742+0000] {bronze.py:20} INFO - Página 7 retornou 50 registros.
[2025-04-08T10:18:34.153+0000] {bronze.py:20} INFO - Página 8 retornou 50 registros.
[2025-04-08T10:18:34.635+0000] {bronze.py:20} INFO - Página 9 retornou 50 registros.
[2025-04-08T10:18:35.046+0000] {bronze.py:20} INFO - Página 10 retornou 50 registros.
[2025-04-08T10:18:35.550+0000] {bronze.py:20} INFO - Página 11 retornou 50 registros.
[2025-04-08T10:18:35.973+0000] {bronze.py:20} INFO - Página 12 retornou 50 registros.
[2025-04-08T10:18:36.465+0000] {bronze.py:20} INFO - Página 13 retornou 50 registros.
[2025-04-08T10:18:36.916+0000] {bronze.py:20} INFO - Página 14 retornou 50 registros.
[2025-04-08T10:18:37.556+0000] {bronze.py:20} INFO - Página 15 retornou 50 registros.
[2025-04-08T10:18:38.322+0000] {bronze.py:20} INFO - Página 16 retornou 50 registros.
[2025-04-08T10:18:38.913+0000] {bronze.py:20} INFO - Página 17 retornou 50 registros.
[2025-04-08T10:18:39.372+0000] {bronze.py:20} INFO - Página 18 retornou 50 registros.
[2025-04-08T10:18:39.846+0000] {bronze.py:20} INFO - Página 19 retornou 50 registros.
[2025-04-08T10:18:40.734+0000] {bronze.py:20} INFO - Página 20 retornou 50 registros.
[2025-04-08T10:18:41.411+0000] {bronze.py:20} INFO - Página 21 retornou 50 registros.
[2025-04-08T10:18:42.016+0000] {bronze.py:20} INFO - Página 22 retornou 50 registros.
[2025-04-08T10:18:42.844+0000] {bronze.py:20} INFO - Página 23 retornou 50 registros.
[2025-04-08T10:18:43.455+0000] {bronze.py:20} INFO - Página 24 retornou 50 registros.
[2025-04-08T10:18:44.172+0000] {bronze.py:20} INFO - Página 25 retornou 50 registros.
[2025-04-08T10:18:44.588+0000] {bronze.py:20} INFO - Página 26 retornou 50 registros.
[2025-04-08T10:18:44.974+0000] {bronze.py:20} INFO - Página 27 retornou 50 registros.
[2025-04-08T10:18:45.376+0000] {bronze.py:20} INFO - Página 28 retornou 50 registros.
[2025-04-08T10:18:45.830+0000] {bronze.py:20} INFO - Página 29 retornou 50 registros.
[2025-04-08T10:18:46.739+0000] {bronze.py:20} INFO - Página 30 retornou 50 registros.
[2025-04-08T10:18:47.475+0000] {bronze.py:20} INFO - Página 31 retornou 50 registros.
[2025-04-08T10:18:48.266+0000] {bronze.py:20} INFO - Página 32 retornou 50 registros.
[2025-04-08T10:18:49.003+0000] {bronze.py:20} INFO - Página 33 retornou 50 registros.
[2025-04-08T10:18:49.775+0000] {bronze.py:20} INFO - Página 34 retornou 50 registros.
[2025-04-08T10:18:50.666+0000] {bronze.py:20} INFO - Página 35 retornou 50 registros.
[2025-04-08T10:18:51.164+0000] {bronze.py:20} INFO - Página 36 retornou 50 registros.
[2025-04-08T10:18:51.787+0000] {bronze.py:20} INFO - Página 37 retornou 50 registros.
[2025-04-08T10:18:52.209+0000] {bronze.py:20} INFO - Página 38 retornou 50 registros.
[2025-04-08T10:18:52.700+0000] {bronze.py:20} INFO - Página 39 retornou 50 registros.
[2025-04-08T10:18:53.233+0000] {bronze.py:20} INFO - Página 40 retornou 50 registros.
[2025-04-08T10:18:53.637+0000] {bronze.py:20} INFO - Página 41 retornou 50 registros.
[2025-04-08T10:18:54.055+0000] {bronze.py:20} INFO - Página 42 retornou 50 registros.
[2025-04-08T10:18:54.448+0000] {bronze.py:20} INFO - Página 43 retornou 50 registros.
[2025-04-08T10:18:54.865+0000] {bronze.py:20} INFO - Página 44 retornou 50 registros.
[2025-04-08T10:18:55.320+0000] {bronze.py:20} INFO - Página 45 retornou 50 registros.
[2025-04-08T10:18:55.772+0000] {bronze.py:20} INFO - Página 46 retornou 50 registros.
[2025-04-08T10:18:56.302+0000] {bronze.py:20} INFO - Página 47 retornou 50 registros.
[2025-04-08T10:18:56.697+0000] {bronze.py:20} INFO - Página 48 retornou 50 registros.
[2025-04-08T10:18:57.121+0000] {bronze.py:20} INFO - Página 49 retornou 50 registros.
[2025-04-08T10:18:58.111+0000] {bronze.py:20} INFO - Página 50 retornou 50 registros.
[2025-04-08T10:18:58.811+0000] {bronze.py:20} INFO - Página 51 retornou 50 registros.
[2025-04-08T10:18:59.434+0000] {bronze.py:20} INFO - Página 52 retornou 50 registros.
[2025-04-08T10:19:00.488+0000] {bronze.py:20} INFO - Página 53 retornou 50 registros.
[2025-04-08T10:19:01.019+0000] {bronze.py:20} INFO - Página 54 retornou 50 registros.
[2025-04-08T10:19:01.686+0000] {bronze.py:20} INFO - Página 55 retornou 50 registros.
[2025-04-08T10:19:02.396+0000] {bronze.py:20} INFO - Página 56 retornou 50 registros.
[2025-04-08T10:19:03.705+0000] {bronze.py:20} INFO - Página 57 retornou 50 registros.
[2025-04-08T10:19:04.173+0000] {bronze.py:20} INFO - Página 58 retornou 50 registros.
[2025-04-08T10:19:04.798+0000] {bronze.py:20} INFO - Página 59 retornou 50 registros.
[2025-04-08T10:19:05.229+0000] {bronze.py:20} INFO - Página 60 retornou 50 registros.
[2025-04-08T10:19:05.751+0000] {bronze.py:20} INFO - Página 61 retornou 50 registros.
[2025-04-08T10:19:06.270+0000] {bronze.py:20} INFO - Página 62 retornou 50 registros.
[2025-04-08T10:19:06.680+0000] {bronze.py:20} INFO - Página 63 retornou 50 registros.
[2025-04-08T10:19:07.289+0000] {bronze.py:20} INFO - Página 64 retornou 50 registros.
[2025-04-08T10:19:07.830+0000] {bronze.py:20} INFO - Página 65 retornou 50 registros.
[2025-04-08T10:19:08.592+0000] {bronze.py:20} INFO - Página 66 retornou 50 registros.
[2025-04-08T10:19:09.029+0000] {bronze.py:20} INFO - Página 67 retornou 50 registros.
[2025-04-08T10:19:09.448+0000] {bronze.py:20} INFO - Página 68 retornou 50 registros.
[2025-04-08T10:19:09.894+0000] {bronze.py:20} INFO - Página 69 retornou 50 registros.
[2025-04-08T10:19:10.302+0000] {bronze.py:20} INFO - Página 70 retornou 50 registros.
[2025-04-08T10:19:10.727+0000] {bronze.py:20} INFO - Página 71 retornou 50 registros.
[2025-04-08T10:19:11.478+0000] {bronze.py:20} INFO - Página 72 retornou 50 registros.
[2025-04-08T10:19:12.412+0000] {bronze.py:20} INFO - Página 73 retornou 50 registros.
[2025-04-08T10:19:12.958+0000] {bronze.py:20} INFO - Página 74 retornou 50 registros.
[2025-04-08T10:19:13.358+0000] {bronze.py:20} INFO - Página 75 retornou 50 registros.
[2025-04-08T10:19:13.761+0000] {bronze.py:20} INFO - Página 76 retornou 50 registros.
[2025-04-08T10:19:14.167+0000] {bronze.py:20} INFO - Página 77 retornou 50 registros.
[2025-04-08T10:19:14.540+0000] {bronze.py:20} INFO - Página 78 retornou 50 registros.
[2025-04-08T10:19:14.956+0000] {bronze.py:20} INFO - Página 79 retornou 50 registros.
[2025-04-08T10:19:15.555+0000] {bronze.py:20} INFO - Página 80 retornou 50 registros.
[2025-04-08T10:19:16.079+0000] {bronze.py:20} INFO - Página 81 retornou 50 registros.
[2025-04-08T10:19:16.522+0000] {bronze.py:20} INFO - Página 82 retornou 50 registros.
[2025-04-08T10:19:16.955+0000] {bronze.py:20} INFO - Página 83 retornou 50 registros.
[2025-04-08T10:19:17.605+0000] {bronze.py:20} INFO - Página 84 retornou 50 registros.
[2025-04-08T10:19:18.205+0000] {bronze.py:20} INFO - Página 85 retornou 50 registros.
[2025-04-08T10:19:18.680+0000] {bronze.py:20} INFO - Página 86 retornou 50 registros.
[2025-04-08T10:19:19.076+0000] {bronze.py:20} INFO - Página 87 retornou 50 registros.
[2025-04-08T10:19:19.501+0000] {bronze.py:20} INFO - Página 88 retornou 50 registros.
[2025-04-08T10:19:19.901+0000] {bronze.py:20} INFO - Página 89 retornou 50 registros.
[2025-04-08T10:19:20.365+0000] {bronze.py:20} INFO - Página 90 retornou 50 registros.
[2025-04-08T10:19:20.819+0000] {bronze.py:20} INFO - Página 91 retornou 50 registros.
[2025-04-08T10:19:21.266+0000] {bronze.py:20} INFO - Página 92 retornou 50 registros.
[2025-04-08T10:19:21.693+0000] {bronze.py:20} INFO - Página 93 retornou 50 registros.
[2025-04-08T10:19:22.108+0000] {bronze.py:20} INFO - Página 94 retornou 50 registros.
[2025-04-08T10:19:22.519+0000] {bronze.py:20} INFO - Página 95 retornou 50 registros.
[2025-04-08T10:19:22.971+0000] {bronze.py:20} INFO - Página 96 retornou 50 registros.
[2025-04-08T10:19:23.477+0000] {bronze.py:20} INFO - Página 97 retornou 50 registros.
[2025-04-08T10:19:23.889+0000] {bronze.py:20} INFO - Página 98 retornou 50 registros.
[2025-04-08T10:19:24.443+0000] {bronze.py:20} INFO - Página 99 retornou 50 registros.
[2025-04-08T10:19:24.866+0000] {bronze.py:20} INFO - Página 100 retornou 50 registros.
[2025-04-08T10:19:25.338+0000] {bronze.py:20} INFO - Página 101 retornou 50 registros.
[2025-04-08T10:19:25.861+0000] {bronze.py:20} INFO - Página 102 retornou 50 registros.
[2025-04-08T10:19:26.594+0000] {bronze.py:20} INFO - Página 103 retornou 50 registros.
[2025-04-08T10:19:27.168+0000] {bronze.py:20} INFO - Página 104 retornou 50 registros.
[2025-04-08T10:19:28.090+0000] {bronze.py:20} INFO - Página 105 retornou 50 registros.
[2025-04-08T10:19:29.015+0000] {bronze.py:20} INFO - Página 106 retornou 50 registros.
[2025-04-08T10:19:29.424+0000] {bronze.py:20} INFO - Página 107 retornou 50 registros.
[2025-04-08T10:19:29.935+0000] {bronze.py:20} INFO - Página 108 retornou 50 registros.
[2025-04-08T10:19:30.500+0000] {bronze.py:20} INFO - Página 109 retornou 50 registros.
[2025-04-08T10:19:30.944+0000] {bronze.py:20} INFO - Página 110 retornou 50 registros.
[2025-04-08T10:19:31.454+0000] {bronze.py:20} INFO - Página 111 retornou 50 registros.
[2025-04-08T10:19:31.863+0000] {bronze.py:20} INFO - Página 112 retornou 50 registros.
[2025-04-08T10:19:32.655+0000] {bronze.py:20} INFO - Página 113 retornou 50 registros.
[2025-04-08T10:19:33.098+0000] {bronze.py:20} INFO - Página 114 retornou 50 registros.
[2025-04-08T10:19:33.632+0000] {bronze.py:20} INFO - Página 115 retornou 50 registros.
[2025-04-08T10:19:35.081+0000] {bronze.py:20} INFO - Página 116 retornou 50 registros.
[2025-04-08T10:19:35.500+0000] {bronze.py:20} INFO - Página 117 retornou 50 registros.
[2025-04-08T10:19:35.901+0000] {bronze.py:20} INFO - Página 118 retornou 50 registros.
[2025-04-08T10:19:36.321+0000] {bronze.py:20} INFO - Página 119 retornou 50 registros.
[2025-04-08T10:19:36.978+0000] {bronze.py:20} INFO - Página 120 retornou 50 registros.
[2025-04-08T10:19:37.684+0000] {bronze.py:20} INFO - Página 121 retornou 50 registros.
[2025-04-08T10:19:38.300+0000] {bronze.py:20} INFO - Página 122 retornou 50 registros.
[2025-04-08T10:19:38.837+0000] {bronze.py:20} INFO - Página 123 retornou 50 registros.
[2025-04-08T10:19:39.555+0000] {bronze.py:20} INFO - Página 124 retornou 50 registros.
[2025-04-08T10:19:39.997+0000] {bronze.py:20} INFO - Página 125 retornou 50 registros.
[2025-04-08T10:19:40.443+0000] {bronze.py:20} INFO - Página 126 retornou 50 registros.
[2025-04-08T10:19:40.877+0000] {bronze.py:20} INFO - Página 127 retornou 50 registros.
[2025-04-08T10:19:41.419+0000] {bronze.py:20} INFO - Página 128 retornou 50 registros.
[2025-04-08T10:19:41.912+0000] {bronze.py:20} INFO - Página 129 retornou 50 registros.
[2025-04-08T10:19:42.361+0000] {bronze.py:20} INFO - Página 130 retornou 50 registros.
[2025-04-08T10:19:42.835+0000] {bronze.py:20} INFO - Página 131 retornou 50 registros.
[2025-04-08T10:19:43.250+0000] {bronze.py:20} INFO - Página 132 retornou 50 registros.
[2025-04-08T10:19:43.729+0000] {bronze.py:20} INFO - Página 133 retornou 50 registros.
[2025-04-08T10:19:44.146+0000] {bronze.py:20} INFO - Página 134 retornou 50 registros.
[2025-04-08T10:19:44.596+0000] {bronze.py:20} INFO - Página 135 retornou 50 registros.
[2025-04-08T10:19:45.112+0000] {bronze.py:20} INFO - Página 136 retornou 50 registros.
[2025-04-08T10:19:45.644+0000] {bronze.py:20} INFO - Página 137 retornou 50 registros.
[2025-04-08T10:19:46.223+0000] {bronze.py:20} INFO - Página 138 retornou 50 registros.
[2025-04-08T10:19:46.625+0000] {bronze.py:20} INFO - Página 139 retornou 50 registros.
[2025-04-08T10:19:47.046+0000] {bronze.py:20} INFO - Página 140 retornou 50 registros.
[2025-04-08T10:19:47.674+0000] {bronze.py:20} INFO - Página 141 retornou 50 registros.
[2025-04-08T10:19:48.060+0000] {bronze.py:20} INFO - Página 142 retornou 50 registros.
[2025-04-08T10:19:48.566+0000] {bronze.py:20} INFO - Página 143 retornou 50 registros.
[2025-04-08T10:19:49.048+0000] {bronze.py:20} INFO - Página 144 retornou 50 registros.
[2025-04-08T10:19:49.478+0000] {bronze.py:20} INFO - Página 145 retornou 50 registros.
[2025-04-08T10:19:49.880+0000] {bronze.py:20} INFO - Página 146 retornou 50 registros.
[2025-04-08T10:19:50.415+0000] {bronze.py:20} INFO - Página 147 retornou 50 registros.
[2025-04-08T10:19:50.837+0000] {bronze.py:20} INFO - Página 148 retornou 50 registros.
[2025-04-08T10:19:51.237+0000] {bronze.py:20} INFO - Página 149 retornou 50 registros.
[2025-04-08T10:19:51.671+0000] {bronze.py:20} INFO - Página 150 retornou 50 registros.
[2025-04-08T10:19:52.087+0000] {bronze.py:20} INFO - Página 151 retornou 50 registros.
[2025-04-08T10:19:52.564+0000] {bronze.py:20} INFO - Página 152 retornou 50 registros.
[2025-04-08T10:19:52.958+0000] {bronze.py:20} INFO - Página 153 retornou 50 registros.
[2025-04-08T10:19:53.577+0000] {bronze.py:20} INFO - Página 154 retornou 50 registros.
[2025-04-08T10:19:54.438+0000] {bronze.py:20} INFO - Página 155 retornou 50 registros.
[2025-04-08T10:19:55.008+0000] {bronze.py:20} INFO - Página 156 retornou 50 registros.
[2025-04-08T10:19:55.535+0000] {bronze.py:20} INFO - Página 157 retornou 50 registros.
[2025-04-08T10:19:55.991+0000] {bronze.py:20} INFO - Página 158 retornou 50 registros.
[2025-04-08T10:19:56.536+0000] {bronze.py:20} INFO - Página 159 retornou 50 registros.
[2025-04-08T10:19:57.055+0000] {bronze.py:20} INFO - Página 160 retornou 50 registros.
[2025-04-08T10:19:57.900+0000] {bronze.py:20} INFO - Página 161 retornou 50 registros.
[2025-04-08T10:19:58.343+0000] {bronze.py:20} INFO - Página 162 retornou 50 registros.
[2025-04-08T10:19:58.764+0000] {bronze.py:20} INFO - Página 163 retornou 50 registros.
[2025-04-08T10:19:59.198+0000] {bronze.py:20} INFO - Página 164 retornou 50 registros.
[2025-04-08T10:19:59.627+0000] {bronze.py:20} INFO - Página 165 retornou 50 registros.
[2025-04-08T10:20:00.051+0000] {bronze.py:20} INFO - Página 166 retornou 50 registros.
[2025-04-08T10:20:00.592+0000] {bronze.py:20} INFO - Página 167 retornou 50 registros.
[2025-04-08T10:20:01.149+0000] {bronze.py:20} INFO - Página 168 retornou 19 registros.
[2025-04-08T10:20:01.585+0000] {bronze.py:20} INFO - Página 169 retornou 0 registros.
[2025-04-08T10:20:01.587+0000] {bronze.py:38} INFO - Total de páginas com dados: 168
[2025-04-08T10:20:02.645+0000] {bronze.py:20} INFO - Página 2 retornou 50 registros.
[2025-04-08T10:20:02.658+0000] {bronze.py:20} INFO - Página 1 retornou 50 registros.
[2025-04-08T10:20:02.749+0000] {bronze.py:20} INFO - Página 4 retornou 50 registros.
[2025-04-08T10:20:02.798+0000] {bronze.py:20} INFO - Página 3 retornou 50 registros.
[2025-04-08T10:20:02.814+0000] {bronze.py:20} INFO - Página 7 retornou 50 registros.
[2025-04-08T10:20:02.823+0000] {bronze.py:20} INFO - Página 6 retornou 50 registros.
[2025-04-08T10:20:02.933+0000] {bronze.py:20} INFO - Página 10 retornou 50 registros.
[2025-04-08T10:20:02.936+0000] {bronze.py:20} INFO - Página 9 retornou 50 registros.
[2025-04-08T10:20:02.937+0000] {bronze.py:20} INFO - Página 5 retornou 50 registros.
[2025-04-08T10:20:02.942+0000] {bronze.py:20} INFO - Página 8 retornou 50 registros.
[2025-04-08T10:20:03.161+0000] {bronze.py:20} INFO - Página 12 retornou 50 registros.
[2025-04-08T10:20:03.186+0000] {bronze.py:20} INFO - Página 11 retornou 50 registros.
[2025-04-08T10:20:03.338+0000] {bronze.py:20} INFO - Página 13 retornou 50 registros.
[2025-04-08T10:20:03.343+0000] {bronze.py:20} INFO - Página 15 retornou 50 registros.
[2025-04-08T10:20:03.372+0000] {bronze.py:20} INFO - Página 14 retornou 50 registros.
[2025-04-08T10:20:03.449+0000] {bronze.py:20} INFO - Página 16 retornou 50 registros.
[2025-04-08T10:20:03.583+0000] {bronze.py:20} INFO - Página 19 retornou 50 registros.
[2025-04-08T10:20:03.594+0000] {bronze.py:20} INFO - Página 18 retornou 50 registros.
[2025-04-08T10:20:03.632+0000] {bronze.py:20} INFO - Página 17 retornou 50 registros.
[2025-04-08T10:20:03.679+0000] {bronze.py:20} INFO - Página 20 retornou 50 registros.
[2025-04-08T10:20:03.704+0000] {bronze.py:20} INFO - Página 21 retornou 50 registros.
[2025-04-08T10:20:03.720+0000] {bronze.py:20} INFO - Página 22 retornou 50 registros.
[2025-04-08T10:20:03.997+0000] {bronze.py:20} INFO - Página 25 retornou 50 registros.
[2025-04-08T10:20:03.999+0000] {bronze.py:20} INFO - Página 24 retornou 50 registros.
[2025-04-08T10:20:04.001+0000] {bronze.py:20} INFO - Página 23 retornou 50 registros.
[2025-04-08T10:20:04.083+0000] {bronze.py:20} INFO - Página 26 retornou 50 registros.
[2025-04-08T10:20:04.324+0000] {bronze.py:20} INFO - Página 27 retornou 50 registros.
[2025-04-08T10:20:04.328+0000] {bronze.py:20} INFO - Página 29 retornou 50 registros.
[2025-04-08T10:20:04.343+0000] {bronze.py:20} INFO - Página 28 retornou 50 registros.
[2025-04-08T10:20:04.347+0000] {bronze.py:20} INFO - Página 30 retornou 50 registros.
[2025-04-08T10:20:04.351+0000] {bronze.py:20} INFO - Página 31 retornou 50 registros.
[2025-04-08T10:20:04.364+0000] {bronze.py:20} INFO - Página 32 retornou 50 registros.
[2025-04-08T10:20:04.620+0000] {bronze.py:20} INFO - Página 33 retornou 50 registros.
[2025-04-08T10:20:04.675+0000] {bronze.py:20} INFO - Página 35 retornou 50 registros.
[2025-04-08T10:20:04.685+0000] {bronze.py:20} INFO - Página 34 retornou 50 registros.
[2025-04-08T10:20:04.736+0000] {bronze.py:20} INFO - Página 36 retornou 50 registros.
[2025-04-08T10:20:04.879+0000] {bronze.py:20} INFO - Página 38 retornou 50 registros.
[2025-04-08T10:20:04.893+0000] {bronze.py:20} INFO - Página 39 retornou 50 registros.
[2025-04-08T10:20:04.895+0000] {bronze.py:20} INFO - Página 37 retornou 50 registros.
[2025-04-08T10:20:04.908+0000] {bronze.py:20} INFO - Página 41 retornou 50 registros.
[2025-04-08T10:20:04.969+0000] {bronze.py:20} INFO - Página 42 retornou 50 registros.
[2025-04-08T10:20:04.985+0000] {bronze.py:20} INFO - Página 40 retornou 50 registros.
[2025-04-08T10:20:05.080+0000] {bronze.py:20} INFO - Página 43 retornou 50 registros.
[2025-04-08T10:20:05.190+0000] {bronze.py:20} INFO - Página 44 retornou 50 registros.
[2025-04-08T10:20:05.193+0000] {bronze.py:20} INFO - Página 45 retornou 50 registros.
[2025-04-08T10:20:05.217+0000] {bronze.py:20} INFO - Página 46 retornou 50 registros.
[2025-04-08T10:20:05.465+0000] {bronze.py:20} INFO - Página 47 retornou 50 registros.
[2025-04-08T10:20:05.887+0000] {bronze.py:20} INFO - Página 49 retornou 50 registros.
[2025-04-08T10:20:05.889+0000] {bronze.py:20} INFO - Página 50 retornou 50 registros.
[2025-04-08T10:20:05.910+0000] {bronze.py:20} INFO - Página 53 retornou 50 registros.
[2025-04-08T10:20:05.911+0000] {bronze.py:20} INFO - Página 51 retornou 50 registros.
[2025-04-08T10:20:05.916+0000] {bronze.py:20} INFO - Página 52 retornou 50 registros.
[2025-04-08T10:20:05.917+0000] {bronze.py:20} INFO - Página 48 retornou 50 registros.
[2025-04-08T10:20:05.920+0000] {bronze.py:20} INFO - Página 55 retornou 50 registros.
[2025-04-08T10:20:06.200+0000] {bronze.py:20} INFO - Página 54 retornou 50 registros.
[2025-04-08T10:20:06.202+0000] {bronze.py:20} INFO - Página 57 retornou 50 registros.
[2025-04-08T10:20:06.217+0000] {bronze.py:20} INFO - Página 56 retornou 50 registros.
[2025-04-08T10:20:06.407+0000] {bronze.py:20} INFO - Página 58 retornou 50 registros.
[2025-04-08T10:20:06.425+0000] {bronze.py:20} INFO - Página 59 retornou 50 registros.
[2025-04-08T10:20:06.826+0000] {bronze.py:20} INFO - Página 63 retornou 50 registros.
[2025-04-08T10:20:06.832+0000] {bronze.py:20} INFO - Página 61 retornou 50 registros.
[2025-04-08T10:20:06.912+0000] {bronze.py:20} INFO - Página 65 retornou 50 registros.
[2025-04-08T10:20:06.916+0000] {bronze.py:20} INFO - Página 66 retornou 50 registros.
[2025-04-08T10:20:06.917+0000] {bronze.py:20} INFO - Página 62 retornou 50 registros.
[2025-04-08T10:20:06.922+0000] {bronze.py:20} INFO - Página 64 retornou 50 registros.
[2025-04-08T10:20:06.929+0000] {bronze.py:20} INFO - Página 67 retornou 50 registros.
[2025-04-08T10:20:06.933+0000] {bronze.py:20} INFO - Página 60 retornou 50 registros.
[2025-04-08T10:20:07.397+0000] {bronze.py:20} INFO - Página 68 retornou 50 registros.
[2025-04-08T10:20:07.433+0000] {bronze.py:20} INFO - Página 69 retornou 50 registros.
[2025-04-08T10:20:07.545+0000] {bronze.py:20} INFO - Página 76 retornou 50 registros.
[2025-04-08T10:20:07.580+0000] {bronze.py:20} INFO - Página 70 retornou 50 registros.
[2025-04-08T10:20:07.590+0000] {bronze.py:20} INFO - Página 72 retornou 50 registros.
[2025-04-08T10:20:07.617+0000] {bronze.py:20} INFO - Página 74 retornou 50 registros.
[2025-04-08T10:20:07.618+0000] {bronze.py:20} INFO - Página 71 retornou 50 registros.
[2025-04-08T10:20:07.738+0000] {bronze.py:20} INFO - Página 75 retornou 50 registros.
[2025-04-08T10:20:07.747+0000] {bronze.py:20} INFO - Página 77 retornou 50 registros.
[2025-04-08T10:20:07.787+0000] {bronze.py:20} INFO - Página 73 retornou 50 registros.
[2025-04-08T10:20:07.906+0000] {bronze.py:20} INFO - Página 79 retornou 50 registros.
[2025-04-08T10:20:07.913+0000] {bronze.py:20} INFO - Página 78 retornou 50 registros.
[2025-04-08T10:20:08.164+0000] {bronze.py:20} INFO - Página 80 retornou 50 registros.
[2025-04-08T10:20:08.302+0000] {bronze.py:20} INFO - Página 82 retornou 50 registros.
[2025-04-08T10:20:08.349+0000] {bronze.py:20} INFO - Página 83 retornou 50 registros.
[2025-04-08T10:20:08.397+0000] {bronze.py:20} INFO - Página 81 retornou 50 registros.
[2025-04-08T10:20:08.425+0000] {bronze.py:20} INFO - Página 84 retornou 50 registros.
[2025-04-08T10:20:08.557+0000] {bronze.py:20} INFO - Página 87 retornou 50 registros.
[2025-04-08T10:20:08.560+0000] {bronze.py:20} INFO - Página 85 retornou 50 registros.
[2025-04-08T10:20:08.576+0000] {bronze.py:20} INFO - Página 86 retornou 50 registros.
[2025-04-08T10:20:08.601+0000] {bronze.py:20} INFO - Página 89 retornou 50 registros.
[2025-04-08T10:20:08.603+0000] {bronze.py:20} INFO - Página 88 retornou 50 registros.
[2025-04-08T10:20:08.691+0000] {bronze.py:20} INFO - Página 90 retornou 50 registros.
[2025-04-08T10:20:08.880+0000] {bronze.py:20} INFO - Página 91 retornou 50 registros.
[2025-04-08T10:20:08.908+0000] {bronze.py:20} INFO - Página 93 retornou 50 registros.
[2025-04-08T10:20:08.909+0000] {bronze.py:20} INFO - Página 92 retornou 50 registros.
[2025-04-08T10:20:08.993+0000] {bronze.py:20} INFO - Página 94 retornou 50 registros.
[2025-04-08T10:20:09.083+0000] {bronze.py:20} INFO - Página 95 retornou 50 registros.
[2025-04-08T10:20:09.239+0000] {bronze.py:20} INFO - Página 97 retornou 50 registros.
[2025-04-08T10:20:09.240+0000] {bronze.py:20} INFO - Página 96 retornou 50 registros.
[2025-04-08T10:20:09.258+0000] {bronze.py:20} INFO - Página 99 retornou 50 registros.
[2025-04-08T10:20:09.278+0000] {bronze.py:20} INFO - Página 98 retornou 50 registros.
[2025-04-08T10:20:09.318+0000] {bronze.py:20} INFO - Página 100 retornou 50 registros.
[2025-04-08T10:20:09.404+0000] {bronze.py:20} INFO - Página 101 retornou 50 registros.
[2025-04-08T10:20:09.407+0000] {bronze.py:20} INFO - Página 102 retornou 50 registros.
[2025-04-08T10:20:09.439+0000] {bronze.py:20} INFO - Página 103 retornou 50 registros.
[2025-04-08T10:20:09.514+0000] {bronze.py:20} INFO - Página 104 retornou 50 registros.
[2025-04-08T10:20:09.928+0000] {bronze.py:20} INFO - Página 105 retornou 50 registros.
[2025-04-08T10:20:10.197+0000] {bronze.py:20} INFO - Página 109 retornou 50 registros.
[2025-04-08T10:20:10.309+0000] {bronze.py:20} INFO - Página 108 retornou 50 registros.
[2025-04-08T10:20:10.385+0000] {bronze.py:20} INFO - Página 106 retornou 50 registros.
[2025-04-08T10:20:10.404+0000] {bronze.py:20} INFO - Página 107 retornou 50 registros.
[2025-04-08T10:20:10.576+0000] {bronze.py:20} INFO - Página 110 retornou 50 registros.
[2025-04-08T10:20:10.603+0000] {bronze.py:20} INFO - Página 111 retornou 50 registros.
[2025-04-08T10:20:10.707+0000] {bronze.py:20} INFO - Página 114 retornou 50 registros.
[2025-04-08T10:20:10.817+0000] {bronze.py:20} INFO - Página 112 retornou 50 registros.
[2025-04-08T10:20:10.900+0000] {bronze.py:20} INFO - Página 115 retornou 50 registros.
[2025-04-08T10:20:10.918+0000] {bronze.py:20} INFO - Página 116 retornou 50 registros.
[2025-04-08T10:20:10.998+0000] {bronze.py:20} INFO - Página 113 retornou 50 registros.
[2025-04-08T10:20:11.039+0000] {bronze.py:20} INFO - Página 117 retornou 50 registros.
[2025-04-08T10:20:11.073+0000] {bronze.py:20} INFO - Página 118 retornou 50 registros.
[2025-04-08T10:20:11.107+0000] {bronze.py:20} INFO - Página 119 retornou 50 registros.
[2025-04-08T10:20:11.325+0000] {bronze.py:20} INFO - Página 120 retornou 50 registros.
[2025-04-08T10:20:11.376+0000] {bronze.py:20} INFO - Página 122 retornou 50 registros.
[2025-04-08T10:20:11.406+0000] {bronze.py:20} INFO - Página 123 retornou 50 registros.
[2025-04-08T10:20:11.483+0000] {bronze.py:20} INFO - Página 124 retornou 50 registros.
[2025-04-08T10:20:11.572+0000] {bronze.py:20} INFO - Página 125 retornou 50 registros.
[2025-04-08T10:20:11.583+0000] {bronze.py:20} INFO - Página 121 retornou 50 registros.
[2025-04-08T10:20:11.680+0000] {bronze.py:20} INFO - Página 126 retornou 50 registros.
[2025-04-08T10:20:11.691+0000] {bronze.py:20} INFO - Página 127 retornou 50 registros.
[2025-04-08T10:20:12.134+0000] {bronze.py:20} INFO - Página 129 retornou 50 registros.
[2025-04-08T10:20:12.150+0000] {bronze.py:20} INFO - Página 131 retornou 50 registros.
[2025-04-08T10:20:12.152+0000] {bronze.py:20} INFO - Página 130 retornou 50 registros.
[2025-04-08T10:20:12.534+0000] {bronze.py:20} INFO - Página 133 retornou 50 registros.
[2025-04-08T10:20:12.557+0000] {bronze.py:20} INFO - Página 128 retornou 50 registros.
[2025-04-08T10:20:12.560+0000] {bronze.py:20} INFO - Página 134 retornou 50 registros.
[2025-04-08T10:20:12.570+0000] {bronze.py:20} INFO - Página 135 retornou 50 registros.
[2025-04-08T10:20:12.656+0000] {bronze.py:20} INFO - Página 132 retornou 50 registros.
[2025-04-08T10:20:12.865+0000] {bronze.py:20} INFO - Página 137 retornou 50 registros.
[2025-04-08T10:20:12.976+0000] {bronze.py:20} INFO - Página 136 retornou 50 registros.
[2025-04-08T10:20:13.216+0000] {bronze.py:20} INFO - Página 140 retornou 50 registros.
[2025-04-08T10:20:13.231+0000] {bronze.py:20} INFO - Página 139 retornou 50 registros.
[2025-04-08T10:20:13.273+0000] {bronze.py:20} INFO - Página 138 retornou 50 registros.
[2025-04-08T10:20:13.304+0000] {bronze.py:20} INFO - Página 141 retornou 50 registros.
[2025-04-08T10:20:13.363+0000] {bronze.py:20} INFO - Página 142 retornou 50 registros.
[2025-04-08T10:20:13.485+0000] {bronze.py:20} INFO - Página 143 retornou 50 registros.
[2025-04-08T10:20:13.612+0000] {bronze.py:20} INFO - Página 144 retornou 50 registros.
[2025-04-08T10:20:13.652+0000] {bronze.py:20} INFO - Página 146 retornou 50 registros.
[2025-04-08T10:20:13.653+0000] {bronze.py:20} INFO - Página 145 retornou 50 registros.
[2025-04-08T10:20:13.689+0000] {bronze.py:20} INFO - Página 147 retornou 50 registros.
[2025-04-08T10:20:13.942+0000] {bronze.py:20} INFO - Página 149 retornou 50 registros.
[2025-04-08T10:20:13.945+0000] {bronze.py:20} INFO - Página 148 retornou 50 registros.
[2025-04-08T10:20:14.011+0000] {bronze.py:20} INFO - Página 150 retornou 50 registros.
[2025-04-08T10:20:14.034+0000] {bronze.py:20} INFO - Página 151 retornou 50 registros.
[2025-04-08T10:20:14.093+0000] {bronze.py:20} INFO - Página 152 retornou 50 registros.
[2025-04-08T10:20:14.113+0000] {bronze.py:20} INFO - Página 153 retornou 50 registros.
[2025-04-08T10:20:14.215+0000] {bronze.py:20} INFO - Página 154 retornou 50 registros.
[2025-04-08T10:20:14.222+0000] {bronze.py:20} INFO - Página 157 retornou 50 registros.
[2025-04-08T10:20:14.223+0000] {bronze.py:20} INFO - Página 155 retornou 50 registros.
[2025-04-08T10:20:14.290+0000] {bronze.py:20} INFO - Página 156 retornou 50 registros.
[2025-04-08T10:20:14.600+0000] {bronze.py:20} INFO - Página 159 retornou 50 registros.
[2025-04-08T10:20:14.731+0000] {bronze.py:20} INFO - Página 158 retornou 50 registros.
[2025-04-08T10:20:14.746+0000] {bronze.py:20} INFO - Página 160 retornou 50 registros.
[2025-04-08T10:20:14.934+0000] {bronze.py:20} INFO - Página 161 retornou 50 registros.
[2025-04-08T10:20:15.014+0000] {bronze.py:20} INFO - Página 163 retornou 50 registros.
[2025-04-08T10:20:15.019+0000] {bronze.py:20} INFO - Página 167 retornou 50 registros.
[2025-04-08T10:20:15.018+0000] {bronze.py:20} INFO - Página 165 retornou 50 registros.
[2025-04-08T10:20:15.118+0000] {bronze.py:20} INFO - Página 164 retornou 50 registros.
[2025-04-08T10:20:15.292+0000] {bronze.py:20} INFO - Página 162 retornou 50 registros.
[2025-04-08T10:20:15.484+0000] {bronze.py:20} INFO - Página 168 retornou 19 registros.
[2025-04-08T10:20:15.672+0000] {bronze.py:20} INFO - Página 166 retornou 50 registros.
[2025-04-08T10:20:16.324+0000] {bronze.py:81} INFO - Extração finalizada com 8369 registros únicos.
[2025-04-08T10:20:16.326+0000] {bronze.py:82} INFO - Dados salvos em: /opt/***/datalake/bronze/date=2025-04-08/breweries_10-20-15.json
[2025-04-08T10:20:16.806+0000] {python.py:237} INFO - Done. Returned value was: None
[2025-04-08T10:20:16.807+0000] {taskinstance.py:441} INFO - ::group::Post task execution logs
[2025-04-08T10:20:16.829+0000] {taskinstance.py:1205} INFO - Marking task as SUCCESS. dag_id=pipeline_cervejarias_dag, task_id=camada_bronze, execution_date=20250408T101820, start_date=20250408T101828, end_date=20250408T102016
[2025-04-08T10:20:16.879+0000] {local_task_job_runner.py:240} INFO - Task exited with return code 0
[2025-04-08T10:20:16.933+0000] {taskinstance.py:3482} INFO - 1 downstream tasks scheduled from follow-on schedule check
[2025-04-08T10:20:16.937+0000] {local_task_job_runner.py:222} INFO - ::endgroup::
