[2025-04-08T12:11:08.732+0000] {local_task_job_runner.py:120} INFO - ::group::Pre task execution logs
[2025-04-08T12:11:08.770+0000] {taskinstance.py:2073} INFO - Dependencies all met for dep_context=non-requeueable deps ti=<TaskInstance: pipeline_cervejarias_dag.camada_prata manual__2025-04-08T12:09:21.214286+00:00 [queued]>
[2025-04-08T12:11:08.787+0000] {taskinstance.py:2073} INFO - Dependencies all met for dep_context=requeueable deps ti=<TaskInstance: pipeline_cervejarias_dag.camada_prata manual__2025-04-08T12:09:21.214286+00:00 [queued]>
[2025-04-08T12:11:08.788+0000] {taskinstance.py:2303} INFO - Starting attempt 1 of 3
[2025-04-08T12:11:08.813+0000] {taskinstance.py:2327} INFO - Executing <Task(PythonOperator): camada_prata> on 2025-04-08 12:09:21.214286+00:00
[2025-04-08T12:11:08.825+0000] {warnings.py:110} WARNING - /home/***/.local/lib/python3.12/site-packages/***/task/task_runner/standard_task_runner.py:61: DeprecationWarning: This process (pid=1809) is multi-threaded, use of fork() may lead to deadlocks in the child.
  pid = os.fork()

[2025-04-08T12:11:08.828+0000] {standard_task_runner.py:63} INFO - Started process 1811 to run task
[2025-04-08T12:11:08.828+0000] {standard_task_runner.py:90} INFO - Running: ['***', 'tasks', 'run', 'pipeline_cervejarias_dag', 'camada_prata', 'manual__2025-04-08T12:09:21.214286+00:00', '--job-id', '21', '--raw', '--subdir', 'DAGS_FOLDER/pipeline_cervejarias_dag.py', '--cfg-path', '/tmp/tmp1lns66eo']
[2025-04-08T12:11:08.830+0000] {standard_task_runner.py:91} INFO - Job 21: Subtask camada_prata
[2025-04-08T12:11:08.912+0000] {task_command.py:426} INFO - Running <TaskInstance: pipeline_cervejarias_dag.camada_prata manual__2025-04-08T12:09:21.214286+00:00 [running]> on host b92eb4eb8cda
[2025-04-08T12:11:09.161+0000] {taskinstance.py:2644} INFO - Exporting env vars: AIRFLOW_CTX_DAG_OWNER='***' AIRFLOW_CTX_DAG_ID='pipeline_cervejarias_dag' AIRFLOW_CTX_TASK_ID='camada_prata' AIRFLOW_CTX_EXECUTION_DATE='2025-04-08T12:09:21.214286+00:00' AIRFLOW_CTX_TRY_NUMBER='1' AIRFLOW_CTX_DAG_RUN_ID='manual__2025-04-08T12:09:21.214286+00:00'
[2025-04-08T12:11:09.164+0000] {taskinstance.py:430} INFO - ::endgroup::
[2025-04-08T12:11:09.165+0000] {prata.py:13} INFO - Iniciando transformação da camada prata...
[2025-04-08T12:11:09.166+0000] {prata.py:22} INFO - Lendo arquivo fixo: /opt/***/datalake/bronze/breweries.json
[2025-04-08T12:11:09.282+0000] {prata.py:43} INFO - Total de registros após transformação: 3300
[2025-04-08T12:11:09.686+0000] {prata.py:59} INFO - Dados salvos na camada prata: /opt/***/datalake/prata/breweries.parquet
[2025-04-08T12:11:09.690+0000] {python.py:237} INFO - Done. Returned value was: None
[2025-04-08T12:11:09.691+0000] {taskinstance.py:441} INFO - ::group::Post task execution logs
[2025-04-08T12:11:09.703+0000] {taskinstance.py:1205} INFO - Marking task as SUCCESS. dag_id=pipeline_cervejarias_dag, task_id=camada_prata, execution_date=20250408T120921, start_date=20250408T121108, end_date=20250408T121109
[2025-04-08T12:11:09.768+0000] {local_task_job_runner.py:240} INFO - Task exited with return code 0
[2025-04-08T12:11:09.800+0000] {taskinstance.py:3482} INFO - 1 downstream tasks scheduled from follow-on schedule check
[2025-04-08T12:11:09.803+0000] {local_task_job_runner.py:222} INFO - ::endgroup::
