[2025-04-08T10:41:21.430+0000] {local_task_job_runner.py:120} INFO - ::group::Pre task execution logs
[2025-04-08T10:41:21.491+0000] {taskinstance.py:2073} INFO - Dependencies all met for dep_context=non-requeueable deps ti=<TaskInstance: pipeline_cervejarias_dag.camada_prata manual__2025-04-08T10:37:23.411881+00:00 [queued]>
[2025-04-08T10:41:21.518+0000] {taskinstance.py:2073} INFO - Dependencies all met for dep_context=requeueable deps ti=<TaskInstance: pipeline_cervejarias_dag.camada_prata manual__2025-04-08T10:37:23.411881+00:00 [queued]>
[2025-04-08T10:41:21.520+0000] {taskinstance.py:2303} INFO - Starting attempt 1 of 3
[2025-04-08T10:41:21.563+0000] {taskinstance.py:2327} INFO - Executing <Task(PythonOperator): camada_prata> on 2025-04-08 10:37:23.411881+00:00
[2025-04-08T10:41:21.584+0000] {warnings.py:110} WARNING - /home/***/.local/lib/python3.12/site-packages/***/task/task_runner/standard_task_runner.py:61: DeprecationWarning: This process (pid=667) is multi-threaded, use of fork() may lead to deadlocks in the child.
  pid = os.fork()

[2025-04-08T10:41:21.588+0000] {standard_task_runner.py:63} INFO - Started process 676 to run task
[2025-04-08T10:41:21.587+0000] {standard_task_runner.py:90} INFO - Running: ['***', 'tasks', 'run', 'pipeline_cervejarias_dag', 'camada_prata', 'manual__2025-04-08T10:37:23.411881+00:00', '--job-id', '15', '--raw', '--subdir', 'DAGS_FOLDER/pipeline_cervejarias_dag.py', '--cfg-path', '/tmp/tmpot104480']
[2025-04-08T10:41:21.590+0000] {standard_task_runner.py:91} INFO - Job 15: Subtask camada_prata
[2025-04-08T10:41:21.834+0000] {task_command.py:426} INFO - Running <TaskInstance: pipeline_cervejarias_dag.camada_prata manual__2025-04-08T10:37:23.411881+00:00 [running]> on host b92eb4eb8cda
[2025-04-08T10:41:22.190+0000] {taskinstance.py:2644} INFO - Exporting env vars: AIRFLOW_CTX_DAG_OWNER='***' AIRFLOW_CTX_DAG_ID='pipeline_cervejarias_dag' AIRFLOW_CTX_TASK_ID='camada_prata' AIRFLOW_CTX_EXECUTION_DATE='2025-04-08T10:37:23.411881+00:00' AIRFLOW_CTX_TRY_NUMBER='1' AIRFLOW_CTX_DAG_RUN_ID='manual__2025-04-08T10:37:23.411881+00:00'
[2025-04-08T10:41:22.194+0000] {taskinstance.py:430} INFO - ::endgroup::
[2025-04-08T10:41:22.195+0000] {prata.py:13} INFO - Iniciando transformação da camada prata...
[2025-04-08T10:41:22.197+0000] {prata.py:22} INFO - Lendo arquivo fixo: /opt/***/datalake/bronze/breweries.json
[2025-04-08T10:41:22.533+0000] {prata.py:41} INFO - Total de registros após transformação: 8369
[2025-04-08T10:41:23.336+0000] {prata.py:56} INFO - Dados salvos na camada prata: /opt/***/datalake/prata/breweries.parquet
[2025-04-08T10:41:23.410+0000] {python.py:237} INFO - Done. Returned value was: None
[2025-04-08T10:41:23.414+0000] {taskinstance.py:441} INFO - ::group::Post task execution logs
[2025-04-08T10:41:23.442+0000] {taskinstance.py:1205} INFO - Marking task as SUCCESS. dag_id=pipeline_cervejarias_dag, task_id=camada_prata, execution_date=20250408T103723, start_date=20250408T104121, end_date=20250408T104123
[2025-04-08T10:41:23.525+0000] {local_task_job_runner.py:240} INFO - Task exited with return code 0
[2025-04-08T10:41:23.589+0000] {taskinstance.py:3482} INFO - 1 downstream tasks scheduled from follow-on schedule check
[2025-04-08T10:41:23.594+0000] {local_task_job_runner.py:222} INFO - ::endgroup::
